<?xml version="1.0" encoding="UTF-8" ?>
<testsuite tests="5" failures="0" name="lv.javaguru.java2.database.jdbc.TodoItemDAOImplTest" time="0.524" errors="0" skipped="0">
  <properties>
[...]
</properties>
  <testcase classname="lv.javaguru.java2.database.jdbc.TodoItemDAOImplTest" name="testMultipleTodoItemCreation" time="0.17"/>
  <testcase classname="lv.javaguru.java2.database.jdbc.TodoItemDAOImplTest" name="testCreate" time="0.087"/>
  <testcase classname="lv.javaguru.java2.database.jdbc.TodoItemDAOImplTest" name="testDelete" time="0.101"/>
  <testcase classname="lv.javaguru.java2.database.jdbc.TodoItemDAOImplTest" name="testNonExistingTodoItemDoesNotExist" time="0.078"/>
  <testcase classname="lv.javaguru.java2.database.jdbc.TodoItemDAOImplTest" name="testUpdate" time="0.088"/>
</testsuite>